building the system configuration...
evaluation warning: udontur profile: The option `programs.vscode.extensions' defined in `/nix/store/d5hi46wfpnafgnnn38p6wrm1rbqkamlc-source/home/apps/vscode.nix' has been renamed to `programs.vscode.profiles.default.extensions'.
evaluation warning: udontur profile: The option `programs.vscode.keybindings' defined in `/nix/store/d5hi46wfpnafgnnn38p6wrm1rbqkamlc-source/home/apps/vscode.nix' has been renamed to `programs.vscode.profiles.default.keybindings'.
evaluation warning: udontur profile: The option `programs.vscode.userSettings' defined in `/nix/store/d5hi46wfpnafgnnn38p6wrm1rbqkamlc-source/home/apps/vscode.nix' has been renamed to `programs.vscode.profiles.default.userSettings'.
evaluation warning: udontur profile: The option `programs.vscode.enableExtensionUpdateCheck' defined in `/nix/store/d5hi46wfpnafgnnn38p6wrm1rbqkamlc-source/home/apps/vscode.nix' has been renamed to `programs.vscode.profiles.default.enableExtensionUpdateCheck'.
evaluation warning: udontur profile: The option `programs.vscode.enableUpdateCheck' defined in `/nix/store/d5hi46wfpnafgnnn38p6wrm1rbqkamlc-source/home/apps/vscode.nix' has been renamed to `programs.vscode.profiles.default.enableUpdateCheck'.
updating GRUB 2 menu...
Warning: os-prober will be executed to detect other bootable partitions.
Its output will be used to detect bootable binaries on them and create new boot entries.
lsblk: /dev/mapper/no*[0-9]: not a block device
lsblk: /dev/mapper/block*[0-9]: not a block device
lsblk: /dev/mapper/devices*[0-9]: not a block device
lsblk: /dev/mapper/found*[0-9]: not a block device
Found Windows Boot Manager on /dev/nvme0n1p1@/EFI/Microsoft/Boot/bootmgfw.efi
activating the configuration...
setting up /etc...
reloading user units for udontur...
restarting sysinit-reactivation.target
the following new units were started: NetworkManager-dispatcher.service
Done. The new configuration is /nix/store/r1nk95dms01j9jznh37sig7csypmi8fw-nixos-system-nixos-25.05.20250309.e3e32b6
